\BOOKMARK [1][-]{section.1}{\376\377\176\352\213\272}{}% 1
\BOOKMARK [2][-]{subsection.1.1}{\376\377\173\227\154\325\166\204\145\366\225\364\131\015\147\102\136\246\123\312\121\166\210\150\171\072\154\325}{section.1}% 2
\BOOKMARK [3][-]{subsubsection*.1}{\376\377\116\300\116\110\146\057\173\227\154\325}{subsection.1.1}% 3
\BOOKMARK [3][-]{subsubsection*.2}{\376\377\173\227\154\325\166\204\140\047\215\050}{subsection.1.1}% 4
\BOOKMARK [3][-]{subsubsection*.3}{\376\377\172\013\136\217\142\026\173\227\154\325\166\204\145\366\225\364\131\015\147\102\136\246}{subsection.1.1}% 5
\BOOKMARK [3][-]{subsubsection*.4}{\376\377\172\013\136\217\142\026\173\227\154\325\166\204\145\366\225\364\131\015\147\102\136\246}{subsection.1.1}% 6
\BOOKMARK [3][-]{subsubsection*.5}{\376\377\000P\000y\000t\000h\000o\000n\116\055\116\000\116\233\144\315\117\134\166\204\145\366\225\364\131\015\147\102\136\246\140\073\176\323}{subsection.1.1}% 7
\BOOKMARK [3][-]{subsubsection*.6}{\376\377\147\000\127\117\131\015\147\102\136\246\060\001\136\163\127\107\131\015\147\102\136\246\060\001\147\000\131\175\131\015\147\102\136\246}{subsection.1.1}% 8
\BOOKMARK [2][-]{subsection.1.2}{\376\377\145\160\143\156\166\204\220\073\217\221\176\323\147\204\124\214\133\130\120\250\176\323\147\204}{section.1}% 9
\BOOKMARK [3][-]{subsubsection*.7}{\376\377\116\300\116\110\146\057\145\160\143\156\176\323\147\204\377\037}{subsection.1.2}% 10
\BOOKMARK [3][-]{subsubsection*.8}{\376\377\145\160\143\156\166\204\220\073\217\221\176\323\147\204}{subsection.1.2}% 11
\BOOKMARK [3][-]{subsubsection*.9}{\376\377\145\160\143\156\166\204\133\130\120\250\176\323\147\204}{subsection.1.2}% 12
\BOOKMARK [3][-]{subsubsection*.10}{\376\377\145\160\143\156\176\323\147\204\116\012\166\204\144\315\117\134}{subsection.1.2}% 13
\BOOKMARK [1][-]{section.2}{\376\377\176\277\140\047\210\150}{}% 14
\BOOKMARK [2][-]{subsection.2.1}{\376\377\230\172\136\217\210\150}{section.2}% 15
\BOOKMARK [3][-]{subsubsection*.11}{\376\377\230\172\136\217\210\150\145\057\143\001\166\204\144\315\117\134}{subsection.2.1}% 16
\BOOKMARK [3][-]{subsubsection*.12}{\376\377\230\172\136\217\210\150\166\204\000\040\000a\000p\000p\000e\000n\000d\000\040\166\204\000O\000\050\0001\000\051\131\015\147\102\136\246\166\204\133\236\163\260}{subsection.2.1}% 17
\BOOKMARK [2][-]{subsection.2.2}{\376\377\224\376\210\150}{section.2}% 18
\BOOKMARK [3][-]{subsubsection*.13}{\376\377\123\125\224\376\210\150}{subsection.2.2}% 19
\BOOKMARK [3][-]{subsubsection*.14}{\376\377\136\046\131\064\176\323\160\271\166\204\123\125\224\376\210\150}{subsection.2.2}% 20
\BOOKMARK [3][-]{subsubsection*.15}{\376\377\137\252\163\257\123\125\224\376\210\150}{subsection.2.2}% 21
\BOOKMARK [3][-]{subsubsection*.16}{\376\377\123\314\124\021\224\376\210\150}{subsection.2.2}% 22
\BOOKMARK [2][-]{subsection.2.3}{\376\377\224\376\210\150\124\214\230\172\136\217\210\150\166\204\220\011\142\351}{section.2}% 23
\BOOKMARK [3][-]{subsubsection*.17}{\376\377\230\172\136\217\210\150}{subsection.2.3}% 24
\BOOKMARK [3][-]{subsubsection*.18}{\376\377\224\376\210\150}{subsection.2.3}% 25
\BOOKMARK [3][-]{subsubsection*.19}{\376\377\176\323\213\272}{subsection.2.3}% 26
\BOOKMARK [1][-]{section.3}{\376\377\147\232\116\076\116\016\116\214\122\006\154\325}{}% 27
\BOOKMARK [2][-]{subsection.3.1}{\376\377\116\214\122\006\154\325\133\373\142\176\173\124\150\110\166\204\150\070\137\303\140\035\140\363}{section.3}% 28
\BOOKMARK [2][-]{subsection.3.2}{\376\377\116\214\122\006\147\345\142\176\121\375\145\160}{section.3}% 29
\BOOKMARK [1][-]{section.4}{\376\377\220\022\137\122\124\214\122\006\154\273}{}% 30
\BOOKMARK [2][-]{subsection.4.1}{\376\377\220\022\137\122}{section.4}% 31
\BOOKMARK [3][-]{subsubsection*.20}{\376\377\220\022\137\122\166\204\117\134\165\050}{subsection.4.1}% 32
\BOOKMARK [1][-]{section.5}{\376\377\150\010\124\214\226\037\122\027}{}% 33
\BOOKMARK [2][-]{subsection.5.1}{\376\377\150\010}{section.5}% 34
\BOOKMARK [2][-]{subsection.5.2}{\376\377\226\037\122\027}{section.5}% 35
\BOOKMARK [3][-]{subsubsection*.21}{\376\377\226\037\122\027\166\204\133\236\163\260\145\271\154\325\116\000}{subsection.5.2}% 36
\BOOKMARK [3][-]{subsubsection*.22}{\376\377\226\037\122\027\166\204\133\236\163\260\145\271\154\325\116\214}{subsection.5.2}% 37
\BOOKMARK [3][-]{subsubsection*.23}{\376\377\165\050\116\044\116\052\150\010\133\236\163\260\116\000\116\052\226\037\122\027}{subsection.5.2}% 38
\BOOKMARK [3][-]{subsubsection*.24}{\376\377\000P\000y\000t\000h\000o\000n\116\055\166\204\226\037\122\027}{subsection.5.2}% 39
\BOOKMARK [1][-]{section.6}{\376\377\116\214\123\311\150\021}{}% 40
\BOOKMARK [2][-]{subsection.6.1}{\376\377\116\214\123\311\150\021\166\204\151\202\137\365\123\312\140\047\215\050}{section.6}% 41
\BOOKMARK [3][-]{subsubsection*.25}{\376\377\116\214\123\311\150\021\166\204\133\232\116\111}{subsection.6.1}% 42
\BOOKMARK [3][-]{subsubsection*.26}{\376\377\116\214\123\311\150\021\166\204\135\346\123\363\133\120\150\021\146\057\147\011\123\072\122\053\166\204}{subsection.6.1}% 43
\BOOKMARK [3][-]{subsubsection*.27}{\376\377\116\214\123\311\150\021\166\204\166\370\121\163\151\202\137\365}{subsection.6.1}% 44
\BOOKMARK [3][-]{subsubsection*.28}{\376\377\116\214\123\311\150\021\166\204\140\047\215\050}{subsection.6.1}% 45
\BOOKMARK [3][-]{subsubsection*.29}{\376\377\133\214\121\150\116\214\123\311\150\021\166\204\140\047\215\050}{subsection.6.1}% 46
\BOOKMARK [2][-]{subsection.6.2}{\376\377\116\214\123\311\150\021\166\204\133\236\163\260}{section.6}% 47
\BOOKMARK [3][-]{subsubsection*.30}{\376\377\116\214\123\311\150\021\166\204\122\027\210\150\133\236\163\260\145\271\154\325}{subsection.6.2}% 48
\BOOKMARK [3][-]{subsubsection*.31}{\376\377\116\214\123\311\150\021\166\204\220\115\123\206}{subsection.6.2}% 49
\BOOKMARK [3][-]{subsubsection*.32}{\376\377\220\115\123\206\136\217\122\027\124\214\116\214\123\311\150\021}{subsection.6.2}% 50
\BOOKMARK [2][-]{subsection.6.3}{\376\377\124\310\131\053\146\374\150\021\000\050\147\000\117\030\116\214\123\311\150\021\000\051}{section.6}% 51
\BOOKMARK [3][-]{subsubsection*.33}{\376\377\147\000\117\030\116\214\123\311\150\021\166\204\147\204\220\040}{subsection.6.3}% 52
\BOOKMARK [3][-]{subsubsection*.34}{\376\377\124\310\131\053\146\374\177\026\170\001\150\021}{subsection.6.3}% 53
\BOOKMARK [2][-]{subsection.6.4}{\376\377\130\006}{section.6}% 54
\BOOKMARK [3][-]{subsubsection*.35}{\376\377\130\006\166\204\133\232\116\111}{subsection.6.4}% 55
\BOOKMARK [3][-]{subsubsection*.36}{\376\377\130\006\166\204\133\130\120\250}{subsection.6.4}% 56
\BOOKMARK [3][-]{subsubsection*.37}{\376\377\130\006\166\204\140\047\215\050}{subsection.6.4}% 57
\BOOKMARK [3][-]{subsubsection*.38}{\376\377\130\006\166\204\117\134\165\050}{subsection.6.4}% 58
\BOOKMARK [3][-]{subsubsection*.39}{\376\377\130\006\166\204\144\315\117\134}{subsection.6.4}% 59
\BOOKMARK [3][-]{subsubsection*.40}{\376\377\130\006\166\204\136\224\165\050}{subsection.6.4}% 60
\BOOKMARK [3][-]{subsubsection*.41}{\376\377\130\006\166\204\133\236\163\260}{subsection.6.4}% 61
\BOOKMARK [1][-]{section.7}{\376\377\150\021\060\001\150\356\147\227\124\214\136\166\147\345\226\306}{}% 62
\BOOKMARK [2][-]{subsection.7.1}{\376\377\150\021}{section.7}% 63
\BOOKMARK [3][-]{subsubsection*.42}{\376\377\150\021\166\204\151\202\137\365}{subsection.7.1}% 64
\BOOKMARK [3][-]{subsubsection*.43}{\376\377\150\021\166\204\140\047\215\050}{subsection.7.1}% 65
\BOOKMARK [3][-]{subsubsection*.44}{\376\377\150\021\166\204\133\236\163\260}{subsection.7.1}% 66
\BOOKMARK [3][-]{subsubsection*.45}{\376\377\147\204\136\372\150\021}{subsection.7.1}% 67
\BOOKMARK [2][-]{subsection.7.2}{\376\377\150\356\147\227}{section.7}% 68
\BOOKMARK [3][-]{subsubsection*.46}{\376\377\150\356\147\227\166\204\151\202\137\365}{subsection.7.2}% 69
\BOOKMARK [3][-]{subsubsection*.47}{\376\377\150\356\147\227\166\204\116\214\123\311\150\021\210\150\171\072\154\325}{subsection.7.2}% 70
\BOOKMARK [3][-]{subsubsection*.48}{\376\377\150\356\147\227\166\204\220\115\123\206}{subsection.7.2}% 71
\BOOKMARK [3][-]{subsubsection*.49}{\376\377\150\356\147\227\217\154\116\214\123\311\150\021}{subsection.7.2}% 72
