\BOOKMARK [1][-]{section.1}{\376\377\176\352\213\272}{}% 1
\BOOKMARK [2][-]{subsection.1.1}{\376\377\173\227\154\325\166\204\145\366\225\364\131\015\147\102\136\246\123\312\121\166\210\150\171\072\154\325}{section.1}% 2
\BOOKMARK [3][-]{subsubsection*.1}{\376\377\116\300\116\110\146\057\173\227\154\325}{subsection.1.1}% 3
\BOOKMARK [3][-]{subsubsection*.2}{\376\377\173\227\154\325\166\204\140\047\215\050}{subsection.1.1}% 4
\BOOKMARK [3][-]{subsubsection*.3}{\376\377\172\013\136\217\142\026\173\227\154\325\166\204\145\366\225\364\131\015\147\102\136\246}{subsection.1.1}% 5
\BOOKMARK [3][-]{subsubsection*.4}{\376\377\172\013\136\217\142\026\173\227\154\325\166\204\145\366\225\364\131\015\147\102\136\246}{subsection.1.1}% 6
\BOOKMARK [3][-]{subsubsection*.5}{\376\377\000P\000y\000t\000h\000o\000n\116\055\116\000\116\233\144\315\117\134\166\204\145\366\225\364\131\015\147\102\136\246\140\073\176\323}{subsection.1.1}% 7
\BOOKMARK [3][-]{subsubsection*.6}{\376\377\147\000\127\117\131\015\147\102\136\246\060\001\136\163\127\107\131\015\147\102\136\246\060\001\147\000\131\175\131\015\147\102\136\246}{subsection.1.1}% 8
\BOOKMARK [2][-]{subsection.1.2}{\376\377\145\160\143\156\166\204\220\073\217\221\176\323\147\204\124\214\133\130\120\250\176\323\147\204}{section.1}% 9
\BOOKMARK [3][-]{subsubsection*.7}{\376\377\116\300\116\110\146\057\145\160\143\156\176\323\147\204\377\037}{subsection.1.2}% 10
\BOOKMARK [3][-]{subsubsection*.8}{\376\377\145\160\143\156\166\204\220\073\217\221\176\323\147\204}{subsection.1.2}% 11
\BOOKMARK [3][-]{subsubsection*.9}{\376\377\145\160\143\156\166\204\133\130\120\250\176\323\147\204}{subsection.1.2}% 12
\BOOKMARK [3][-]{subsubsection*.10}{\376\377\145\160\143\156\176\323\147\204\116\012\166\204\144\315\117\134}{subsection.1.2}% 13
\BOOKMARK [1][-]{section.2}{\376\377\176\277\140\047\210\150}{}% 14
\BOOKMARK [2][-]{subsection.2.1}{\376\377\230\172\136\217\210\150}{section.2}% 15
\BOOKMARK [3][-]{subsubsection*.11}{\376\377\230\172\136\217\210\150\145\057\143\001\166\204\144\315\117\134}{subsection.2.1}% 16
\BOOKMARK [3][-]{subsubsection*.12}{\376\377\230\172\136\217\210\150\166\204\000\040\000a\000p\000p\000e\000n\000d\000\040\166\204\000O\000\050\0001\000\051\131\015\147\102\136\246\166\204\133\236\163\260}{subsection.2.1}% 17
\BOOKMARK [2][-]{subsection.2.2}{\376\377\224\376\210\150}{section.2}% 18
\BOOKMARK [3][-]{subsubsection*.13}{\376\377\123\125\224\376\210\150}{subsection.2.2}% 19
\BOOKMARK [3][-]{subsubsection*.14}{\376\377\136\046\131\064\176\323\160\271\166\204\123\125\224\376\210\150}{subsection.2.2}% 20
\BOOKMARK [3][-]{subsubsection*.15}{\376\377\137\252\163\257\123\125\224\376\210\150}{subsection.2.2}% 21
\BOOKMARK [3][-]{subsubsection*.16}{\376\377\123\314\124\021\224\376\210\150}{subsection.2.2}% 22
\BOOKMARK [2][-]{subsection.2.3}{\376\377\224\376\210\150\124\214\230\172\136\217\210\150\166\204\220\011\142\351}{section.2}% 23
\BOOKMARK [3][-]{subsubsection*.17}{\376\377\230\172\136\217\210\150}{subsection.2.3}% 24
\BOOKMARK [3][-]{subsubsection*.18}{\376\377\224\376\210\150}{subsection.2.3}% 25
\BOOKMARK [3][-]{subsubsection*.19}{\376\377\176\323\213\272}{subsection.2.3}% 26
\BOOKMARK [1][-]{section.3}{\376\377\147\232\116\076\116\016\116\214\122\006\154\325}{}% 27
\BOOKMARK [2][-]{subsection.3.1}{\376\377\116\214\122\006\154\325\133\373\142\176\173\124\150\110\166\204\150\070\137\303\140\035\140\363}{section.3}% 28
\BOOKMARK [2][-]{subsection.3.2}{\376\377\116\214\122\006\147\345\142\176\121\375\145\160}{section.3}% 29
\BOOKMARK [1][-]{section.4}{\376\377\220\022\137\122\124\214\122\006\154\273}{}% 30
\BOOKMARK [2][-]{subsection.4.1}{\376\377\220\022\137\122}{section.4}% 31
\BOOKMARK [3][-]{subsubsection*.20}{\376\377\220\022\137\122\166\204\117\134\165\050}{subsection.4.1}% 32
\BOOKMARK [1][-]{section.5}{\376\377\150\010\124\214\226\037\122\027}{}% 33
\BOOKMARK [2][-]{subsection.5.1}{\376\377\150\010}{section.5}% 34
\BOOKMARK [2][-]{subsection.5.2}{\376\377\226\037\122\027}{section.5}% 35
\BOOKMARK [3][-]{subsubsection*.21}{\376\377\226\037\122\027\166\204\133\236\163\260\145\271\154\325\116\000}{subsection.5.2}% 36
\BOOKMARK [3][-]{subsubsection*.22}{\376\377\226\037\122\027\166\204\133\236\163\260\145\271\154\325\116\214}{subsection.5.2}% 37
\BOOKMARK [1][-]{section.6}{\376\377\000M\000a\000t\000h\000\040\000v\000s\000.\000\040\000t\000e\000x\000t\000\040\000v\000s\000.\000\040\000f\000u\000n\000c\000t\000i\000o\000n\000s}{}% 38
\BOOKMARK [2][-]{subsection.6.1}{\376\377\000I\000n\000l\000i\000n\000e\000\040\000m\000a\000t\000h\000e\000m\000a\000t\000i\000c\000a\000l\000\040\000e\000x\000p\000r\000e\000s\000s\000i\000o\000n\000s}{section.6}% 39
\BOOKMARK [2][-]{subsection.6.2}{\376\377\000E\000q\000u\000a\000t\000i\000o\000n\000s}{section.6}% 40
\BOOKMARK [2][-]{subsection.6.3}{\376\377\000D\000i\000s\000p\000l\000a\000y\000s\000t\000y\000l\000e}{section.6}% 41
\BOOKMARK [1][-]{section.7}{\376\377\000I\000m\000a\000g\000e\000s}{}% 42
\BOOKMARK [2][-]{subsection.7.1}{\376\377\000T\000e\000x\000t\000\040\000d\000e\000c\000o\000r\000a\000t\000i\000o\000n\000s}{section.7}% 43
\BOOKMARK [1][-]{section.8}{\376\377\000S\000p\000a\000c\000e\000s\000\040\000a\000n\000d\000\040\000n\000e\000w\000\040\000l\000i\000n\000e\000s}{}% 44
\BOOKMARK [1][-]{section.9}{\376\377\000C\000o\000m\000m\000e\000n\000t\000s}{}% 45
\BOOKMARK [1][-]{section.10}{\376\377\000D\000e\000l\000i\000m\000i\000t\000e\000r\000s}{}% 46
\BOOKMARK [1][-]{section.11}{\376\377\000L\000i\000s\000t\000s}{}% 47
\BOOKMARK [1][-]{section.12}{\376\377\000S\000y\000m\000b\000o\000l\000s\000\040\000\050\000i\000n\000\040\000m\000a\000t\000h\000\040\000m\000o\000d\000e\000\051}{}% 48
\BOOKMARK [2][-]{subsection.12.1}{\376\377\000T\000h\000e\000\040\000b\000a\000s\000i\000c\000s}{section.12}% 49
\BOOKMARK [2][-]{subsection.12.2}{\376\377\000F\000u\000n\000c\000t\000i\000o\000n\000s}{section.12}% 50
\BOOKMARK [2][-]{subsection.12.3}{\376\377\000G\000r\000e\000e\000k\000\040\000a\000n\000d\000\040\000H\000e\000b\000r\000e\000w\000\040\000l\000e\000t\000t\000e\000r\000s}{section.12}% 51
\BOOKMARK [2][-]{subsection.12.4}{\376\377\000S\000e\000t\000\040\000t\000h\000e\000o\000r\000y}{section.12}% 52
\BOOKMARK [2][-]{subsection.12.5}{\376\377\000C\000a\000l\000c\000u\000l\000u\000s}{section.12}% 53
\BOOKMARK [2][-]{subsection.12.6}{\376\377\000L\000o\000g\000i\000c}{section.12}% 54
\BOOKMARK [2][-]{subsection.12.7}{\376\377\000L\000i\000n\000e\000a\000r\000\040\000a\000l\000g\000e\000b\000r\000a}{section.12}% 55
\BOOKMARK [2][-]{subsection.12.8}{\376\377\000N\000u\000m\000b\000e\000r\000\040\000t\000h\000e\000o\000r\000y}{section.12}% 56
\BOOKMARK [2][-]{subsection.12.9}{\376\377\000G\000e\000o\000m\000e\000t\000r\000y\000\040\000a\000n\000d\000\040\000t\000r\000i\000g\000o\000n\000o\000m\000e\000t\000r\000y}{section.12}% 57
\BOOKMARK [1][-]{section.13}{\376\377\000S\000y\000m\000b\000o\000l\000s\000\040\000\050\000i\000n\000\040\000t\000e\000x\000t\000\040\000m\000o\000d\000e\000\051}{}% 58
\BOOKMARK [1][-]{section.14}{\376\377\000R\000e\000s\000o\000u\000r\000c\000e\000s}{}% 59
